<?xml version="1.0" encoding="UTF-8"?>
<testsuite xmlns:xsi="http://www.w3.org/2001/XMLSchema-instance" xsi:noNamespaceSchemaLocation="https://maven.apache.org/surefire/maven-surefire-plugin/xsd/surefire-test-report-3.0.xsd" version="3.0" name="SelenideTest" time="59.75" tests="29" errors="0" skipped="0" failures="0">
  <properties>
[...]
</properties>
  <testcase name="Otwieranie strony domowej" classname="Testing of Segregator Service" time="13.924">
    <system-err><![CDATA[Starting ChromeDriver 87.0.4280.20 (c99e81631faa0b2a448e658c0dbd8311fb04ddbd-refs/branch-heads/4280@{#355}) on port 30223
Only local connections are allowed.
Please see https://chromedriver.chromium.org/security-considerations for suggestions on keeping ChromeDriver safe.
ChromeDriver was started successfully.
lis 29, 2020 10:43:32 AM org.openqa.selenium.remote.ProtocolHandshake createSession
INFO: Detected dialect: W3C
]]></system-err>
  </testcase>
  <testcase name="Otwieranie stron z kanydatami" classname="Testing of Segregator Service" time="2.514"/>
  <testcase name="Zmiana języków #1" classname="Testing of Segregator Service" time="5.949"/>
  <testcase name="Zmiana języków #2" classname="Testing of Segregator Service" time="1.055"/>
  <testcase name="Zmiana języków #3" classname="Testing of Segregator Service" time="1.348"/>
  <testcase name="Zmiana języków #4" classname="Testing of Segregator Service" time="0.437"/>
  <testcase name="Zmiana języków #5" classname="Testing of Segregator Service" time="1.128"/>
  <testcase name="Zmiana na prawidłowy język" classname="Testing of Segregator Service" time="0.451"/>
  <testcase name="Opisy kategorii #1" classname="Testing of Segregator Service" time="0.57"/>
  <testcase name="Opisy kategorii #2" classname="Testing of Segregator Service" time="0.499"/>
  <testcase name="Opisy kategorii #3" classname="Testing of Segregator Service" time="0.512"/>
  <testcase name="Opisy kategorii #4" classname="Testing of Segregator Service" time="0.531"/>
  <testcase name="Opisy kategorii #5" classname="Testing of Segregator Service" time="0.626"/>
  <testcase name="Opisy kategorii #6" classname="Testing of Segregator Service" time="0.65"/>
  <testcase name="Opisy kategorii #7" classname="Testing of Segregator Service" time="0.622"/>
  <testcase name="Opisy kategorii #8" classname="Testing of Segregator Service" time="0.75"/>
  <testcase name="Opisy kategorii #9" classname="Testing of Segregator Service" time="0.72"/>
  <testcase name="Opisy kategorii #10" classname="Testing of Segregator Service" time="0.715"/>
  <testcase name="Zmiana na prawidłowy opis kategorii" classname="Testing of Segregator Service" time="0.449"/>
  <testcase name="Wprowadzenie nowych pojęć #1" classname="Testing of Segregator Service" time="3.051"/>
  <testcase name="Wprowadzenie nowych pojęć #2" classname="Testing of Segregator Service" time="2.964"/>
  <testcase name="Wprowadzenie nowych pojęć #3" classname="Testing of Segregator Service" time="2.891"/>
  <testcase name="Sprawdzenie istniejących pojęć #1" classname="Testing of Segregator Service" time="0.621"/>
  <testcase name="Sprawdzenie istniejących pojęć #2" classname="Testing of Segregator Service" time="0.601"/>
  <testcase name="Dodanie nowego kandydata do bazy" classname="Testing of Segregator Service" time="5.835"/>
  <testcase name="Usunięcie nowego kandydata" classname="Testing of Segregator Service" time="0.983"/>
  <testcase name="Resetowanie formularza i wypełnienie danymi" classname="Testing of Segregator Service" time="4.514"/>
  <testcase name="Otwieranie stron z mapami" classname="Testing of Segregator Service" time="0.75"/>
  <testcase name="Sprawdzene filtrowania map" classname="Testing of Segregator Service" time="0.711"/>
</testsuite>